2024-06-21 16:22:48,895 - LOADING DATASET
2024-06-21 16:22:48,895 - TEST WITH PRIME 3917
2024-06-21 16:22:48,912 - TRAIN SIZE: 14810, TEST SIZE: 4750
2024-06-21 16:22:54,115 - TRAINING WITH SKLEARN
2024-06-21 16:24:23,471 - PREDICT WITH SKLEARN
2024-06-21 16:24:49,094 - TESTING WITH SKLEARN
2024-06-21 16:24:49,094 - Accuracy: 0.83
2024-06-21 16:24:49,099 - Precision: 0.97
2024-06-21 16:24:49,101 - Recall: 0.68
2024-06-21 16:24:49,104 - F1-score: 0.80
2024-06-21 16:24:49,107 - Confusion matrix [tn, fp, fn, tp]: [2326, 49, 752, 1623]
2024-06-21 16:24:49,109 - Execution time: 114.9935200214386
2024-06-21 16:24:49,109 - Process time: 114.77707600000001
2024-06-21 16:24:49,109 - TRAINING WITH D-WAVE
2024-06-21 16:30:28,586 - IS MODEL PRE-SOLVABLE? TRUE
2024-06-21 16:30:28,609 - SOLVING
2024-06-21 16:30:32,408 - MIN TIME REQUIRED ON QPU: 519S
2024-06-21 16:59:22,858 - EXTRACTING SUPPORT VECTORS
2024-06-21 17:00:04,359 - PREDICT WITH D-WAVE
2024-06-21 17:03:36,650 - TESTING WITH D-WAVE
2024-06-21 17:03:36,655 - Accuracy: 0.82
2024-06-21 17:03:36,659 - Precision: 0.96
2024-06-21 17:03:36,661 - Recall: 0.66
2024-06-21 17:03:36,663 - F1-score: 0.78
2024-06-21 17:03:36,668 - Confusion matrix [tn, fp, fn, tp]: [2312, 63, 814, 1561]
2024-06-21 17:03:36,669 - Execution time: 2327.5596058368683
2024-06-21 17:03:36,669 - Process time: 564.777158
2024-06-21 17:03:36,669 - LOADING MODEL
2024-06-21 17:03:38,815 - PREDICT WITH TRANSFORMER
2024-06-21 17:08:29,768 - TESTING WITH TRANSFORMER
2024-06-21 17:08:29,771 - Accuracy: 0.94
2024-06-21 17:08:29,777 - Precision: 0.95
2024-06-21 17:08:29,781 - Recall: 0.94
2024-06-21 17:08:29,786 - F1-score: 0.94
2024-06-21 17:08:29,790 - Confusion matrix [tn, fp, fn, tp]: [2260, 115, 154, 2221]
2024-06-21 17:08:29,815 - Execution time: 293.1460361480713
2024-06-21 17:08:29,815 - Process time: 2272.617269

QPU_ACCESS_TIME 00 h : 00 m : 00.048 s
CHARGE_TIME 00 h : 07 m : 57.880 s
RUN_TIME 00 h : 07 m : 57.880 s