2024-06-01 17:24:51,773 - INFO - LOADING DATASET
2024-06-01 17:24:53,710 - INFO - LOADING MODEL
2024-06-01 17:24:55,456 - INFO - PREDICT WITH TRANSFORMER
2024-06-01 17:27:27,166 - INFO - TESTING WITH TRANSFORMER
2024-06-01 17:27:27,169 - INFO - Accuracy: 0.94
2024-06-01 17:27:27,173 - INFO - Precision: 0.95
2024-06-01 17:27:27,175 - INFO - Recall: 0.93
2024-06-01 17:27:27,178 - INFO - F1-score: 0.94
2024-06-01 17:27:27,181 - INFO - Confusion matrix [tn, fp, fn, tp]: [979, 45, 70, 954]
2024-06-01 17:27:27,219 - INFO - Execution time: 153.5086100101471
2024-06-01 17:27:27,219 - INFO - Process time: 1177.516244
2024-06-01 17:27:27,219 - INFO - TRAINING WITH SKLEARN
2024-06-01 17:27:32,212 - INFO - PREDICT WITH SKLEARN
2024-06-01 17:27:35,602 - INFO - TESTING WITH SKLEARN
2024-06-01 17:27:35,602 - INFO - Accuracy: 0.77
2024-06-01 17:27:35,603 - INFO - Precision: 0.98
2024-06-01 17:27:35,605 - INFO - Recall: 0.55
2024-06-01 17:27:35,606 - INFO - F1-score: 0.71
2024-06-01 17:27:35,607 - INFO - Confusion matrix [tn, fp, fn, tp]: [1015, 9, 458, 566]
2024-06-01 17:27:35,608 - INFO - Execution time: 8.388725996017456
2024-06-01 17:27:35,608 - INFO - Process time: 9.361554999999953
2024-06-01 17:27:35,608 - INFO - TRAINING WITH CPLEX
2024-06-01 17:27:35,608 - INFO - CREATING MODEL
2024-06-01 17:28:04,684 - INFO - SOLVING
2024-06-01 17:32:13,403 - INFO - PREDICT WITH CPLEX
2024-06-01 17:32:15,813 - INFO - TESTING WITH CPLEX
2024-06-01 17:32:15,816 - INFO - Accuracy: 0.80
2024-06-01 17:32:15,817 - INFO - Precision: 0.97
2024-06-01 17:32:15,819 - INFO - Recall: 0.63
2024-06-01 17:32:15,820 - INFO - F1-score: 0.76
2024-06-01 17:32:15,822 - INFO - Confusion matrix [tn, fp, fn, tp]: [1004, 20, 382, 642]
2024-06-01 17:32:15,822 - INFO - Execution time: 280.2142322063446
2024-06-01 17:32:15,822 - INFO - Process time: 599.5472870000001
2024-06-01 17:32:15,822 - INFO - TRAINING WITH D-WAVE
2024-06-01 17:32:15,822 - INFO - CREATING MODEL
2024-06-01 17:33:52,818 - INFO - IS MODEL PRE-SOLVABLE? TRUE
2024-06-01 17:33:52,821 - INFO - SOLVING
2024-06-01 17:36:03,737 - INFO - EXTRACTING SUPPORT VECTORS
2024-06-01 17:36:06,040 - INFO - PREDICT WITH D-WAVE
2024-06-01 17:36:29,564 - INFO - TESTING WITH D-WAVE
2024-06-01 17:36:29,564 - INFO - Accuracy: 0.77
2024-06-01 17:36:29,566 - INFO - Precision: 0.97
2024-06-01 17:36:29,567 - INFO - Recall: 0.56
2024-06-01 17:36:29,568 - INFO - F1-score: 0.71
2024-06-01 17:36:29,570 - INFO - Confusion matrix [tn, fp, fn, tp]: [1006, 18, 455, 569]
2024-06-01 17:36:29,570 - INFO - Execution time: 253.74788975715637
2024-06-01 17:36:29,570 - INFO - Process time: 123.13477200000011